# JRE version: Java(TM) SE Runtime Environment (8.0_131-b11) (build 1.8.0_131-b11)
# Java VM: Java HotSpot(TM) 64-Bit Server VM (25.131-b11 mixed mode windows-amd64 compressed oops)
Heap:
 PSYoungGen      total 196608K, used 140027K [0x00000000d5f00000, 0x00000000e3b80000, 0x0000000100000000)
  eden space 172544K, 81% used [0x00000000d5f00000,0x00000000de7bec90,0x00000000e0780000)
  from space 24064K, 0% used [0x00000000e2400000,0x00000000e2400000,0x00000000e3b80000)
  to   space 26624K, 0% used [0x00000000e0780000,0x00000000e0780000,0x00000000e2180000)
 ParOldGen       total 67584K, used 39018K [0x0000000081c00000, 0x0000000085e00000, 0x00000000d5f00000)
  object space 67584K, 57% used [0x0000000081c00000,0x000000008421aa88,0x0000000085e00000)
 Metaspace       used 48851K, capacity 49670K, committed 50048K, reserved 1093632K
  class space    used 5691K, capacity 5958K, committed 6016K, reserved 1048576K
GC Heap History (10 events):
Event: 11.915 GC heap before
{Heap before GC invocations=10 (full 1):
 PSYoungGen      total 112128K, used 112117K [0x00000000d5f00000, 0x00000000dde80000, 0x0000000100000000)
  eden space 100352K, 100% used [0x00000000d5f00000,0x00000000dc100000,0x00000000dc100000)
  from space 11776K, 99% used [0x00000000dcf80000,0x00000000ddafd758,0x00000000ddb00000)
  to   space 14848K, 0% used [0x00000000dc100000,0x00000000dc100000,0x00000000dcf80000)
 ParOldGen       total 67584K, used 20196K [0x0000000081c00000, 0x0000000085e00000, 0x00000000d5f00000)
  object space 67584K, 29% used [0x0000000081c00000,0x0000000082fb9168,0x0000000085e00000)
 Metaspace       used 28572K, capacity 29254K, committed 29568K, reserved 1075200K
  class space    used 3419K, capacity 3618K, committed 3712K, reserved 1048576K
Event: 11.939 GC heap after
Heap after GC invocations=10 (full 1):
 PSYoungGen      total 115200K, used 14830K [0x00000000d5f00000, 0x00000000e0780000, 0x0000000100000000)
  eden space 100352K, 0% used [0x00000000d5f00000,0x00000000d5f00000,0x00000000dc100000)
  from space 14848K, 99% used [0x00000000dc100000,0x00000000dcf7bb18,0x00000000dcf80000)
  to   space 19968K, 0% used [0x00000000df400000,0x00000000df400000,0x00000000e0780000)
 ParOldGen       total 67584K, used 29148K [0x0000000081c00000, 0x0000000085e00000, 0x00000000d5f00000)
  object space 67584K, 43% used [0x0000000081c00000,0x0000000083877070,0x0000000085e00000)
 Metaspace       used 28572K, capacity 29254K, committed 29568K, reserved 1075200K
  class space    used 3419K, capacity 3618K, committed 3712K, reserved 1048576K
}
Event: 12.511 GC heap before
{Heap before GC invocations=11 (full 1):
 PSYoungGen      total 115200K, used 115182K [0x00000000d5f00000, 0x00000000e0780000, 0x0000000100000000)
  eden space 100352K, 100% used [0x00000000d5f00000,0x00000000dc100000,0x00000000dc100000)
  from space 14848K, 99% used [0x00000000dc100000,0x00000000dcf7bb18,0x00000000dcf80000)
  to   space 19968K, 0% used [0x00000000df400000,0x00000000df400000,0x00000000e0780000)
 ParOldGen       total 67584K, used 29148K [0x0000000081c00000, 0x0000000085e00000, 0x00000000d5f00000)
  object space 67584K, 43% used [0x0000000081c00000,0x0000000083877070,0x0000000085e00000)
 Metaspace       used 28575K, capacity 29254K, committed 29568K, reserved 1075200K
  class space    used 3419K, capacity 3618K, committed 3712K, reserved 1048576K
Event: 12.551 GC heap after
Heap after GC invocations=11 (full 1):
 PSYoungGen      total 147456K, used 19961K [0x00000000d5f00000, 0x00000000e1600000, 0x0000000100000000)
  eden space 127488K, 0% used [0x00000000d5f00000,0x00000000d5f00000,0x00000000ddb80000)
  from space 19968K, 99% used [0x00000000df400000,0x00000000e077e7d0,0x00000000e0780000)
  to   space 25088K, 0% used [0x00000000ddb80000,0x00000000ddb80000,0x00000000df400000)
 ParOldGen       total 67584K, used 36298K [0x0000000081c00000, 0x0000000085e00000, 0x00000000d5f00000)
  object space 67584K, 53% used [0x0000000081c00000,0x0000000083f729f8,0x0000000085e00000)
 Metaspace       used 28575K, capacity 29254K, committed 29568K, reserved 1075200K
  class space    used 3419K, capacity 3618K, committed 3712K, reserved 1048576K
}
Event: 13.252 GC heap before
{Heap before GC invocations=12 (full 1):
 PSYoungGen      total 147456K, used 147449K [0x00000000d5f00000, 0x00000000e1600000, 0x0000000100000000)
  eden space 127488K, 100% used [0x00000000d5f00000,0x00000000ddb80000,0x00000000ddb80000)
  from space 19968K, 99% used [0x00000000df400000,0x00000000e077e7d0,0x00000000e0780000)
  to   space 25088K, 0% used [0x00000000ddb80000,0x00000000ddb80000,0x00000000df400000)
 ParOldGen       total 67584K, used 36298K [0x0000000081c00000, 0x0000000085e00000, 0x00000000d5f00000)
  object space 67584K, 53% used [0x0000000081c00000,0x0000000083f729f8,0x0000000085e00000)
 Metaspace       used 28586K, capacity 29264K, committed 29568K, reserved 1075200K
  class space    used 3421K, capacity 3620K, committed 3712K, reserved 1048576K
Event: 13.283 GC heap after
Heap after GC invocations=12 (full 1):
 PSYoungGen      total 152576K, used 21003K [0x00000000d5f00000, 0x00000000e3e80000, 0x0000000100000000)
  eden space 127488K, 0% used [0x00000000d5f00000,0x00000000d5f00000,0x00000000ddb80000)
  from space 25088K, 83% used [0x00000000ddb80000,0x00000000df002ee8,0x00000000df400000)
  to   space 27136K, 0% used [0x00000000e2400000,0x00000000e2400000,0x00000000e3e80000)
 ParOldGen       total 67584K, used 41134K [0x0000000081c00000, 0x0000000085e00000, 0x00000000d5f00000)
  object space 67584K, 60% used [0x0000000081c00000,0x000000008442b928,0x0000000085e00000)
 Metaspace       used 28586K, capacity 29264K, committed 29568K, reserved 1075200K
  class space    used 3421K, capacity 3620K, committed 3712K, reserved 1048576K
}
Event: 14.393 GC heap before
{Heap before GC invocations=13 (full 1):
 PSYoungGen      total 152576K, used 121389K [0x00000000d5f00000, 0x00000000e3e80000, 0x0000000100000000)
  eden space 127488K, 78% used [0x00000000d5f00000,0x00000000dc108670,0x00000000ddb80000)
  from space 25088K, 83% used [0x00000000ddb80000,0x00000000df002ee8,0x00000000df400000)
  to   space 27136K, 0% used [0x00000000e2400000,0x00000000e2400000,0x00000000e3e80000)
 ParOldGen       total 67584K, used 41134K [0x0000000081c00000, 0x0000000085e00000, 0x00000000d5f00000)
  object space 67584K, 60% used [0x0000000081c00000,0x000000008442b928,0x0000000085e00000)
 Metaspace       used 34592K, capacity 35328K, committed 35496K, reserved 1081344K
  class space    used 4133K, capacity 4340K, committed 4352K, reserved 1048576K
Event: 14.419 GC heap after
Heap after GC invocations=13 (full 1):
 PSYoungGen      total 196608K, used 15337K [0x00000000d5f00000, 0x00000000e3b80000, 0x0000000100000000)
  eden space 172544K, 0% used [0x00000000d5f00000,0x00000000d5f00000,0x00000000e0780000)
  from space 24064K, 63% used [0x00000000e2400000,0x00000000e32fa640,0x00000000e3b80000)
  to   space 26624K, 0% used [0x00000000e0780000,0x00000000e0780000,0x00000000e2180000)
 ParOldGen       total 67584K, used 43057K [0x0000000081c00000, 0x0000000085e00000, 0x00000000d5f00000)
  object space 67584K, 63% used [0x0000000081c00000,0x000000008460c4d8,0x0000000085e00000)
 Metaspace       used 34592K, capacity 35328K, committed 35496K, reserved 1081344K
  class space    used 4133K, capacity 4340K, committed 4352K, reserved 1048576K
}
Event: 14.419 GC heap before
{Heap before GC invocations=14 (full 2):
 PSYoungGen      total 196608K, used 15337K [0x00000000d5f00000, 0x00000000e3b80000, 0x0000000100000000)
  eden space 172544K, 0% used [0x00000000d5f00000,0x00000000d5f00000,0x00000000e0780000)
  from space 24064K, 63% used [0x00000000e2400000,0x00000000e32fa640,0x00000000e3b80000)
  to   space 26624K, 0% used [0x00000000e0780000,0x00000000e0780000,0x00000000e2180000)
 ParOldGen       total 67584K, used 43057K [0x0000000081c00000, 0x0000000085e00000, 0x00000000d5f00000)
  object space 67584K, 63% used [0x0000000081c00000,0x000000008460c4d8,0x0000000085e00000)
 Metaspace       used 34592K, capacity 35328K, committed 35496K, reserved 1081344K
  class space    used 4133K, capacity 4340K, committed 4352K, reserved 1048576K
Event: 14.571 GC heap after
Heap after GC invocations=14 (full 2):
 PSYoungGen      total 196608K, used 0K [0x00000000d5f00000, 0x00000000e3b80000, 0x0000000100000000)
  eden space 172544K, 0% used [0x00000000d5f00000,0x00000000d5f00000,0x00000000e0780000)
  from space 24064K, 0% used [0x00000000e2400000,0x00000000e2400000,0x00000000e3b80000)
  to   space 26624K, 0% used [0x00000000e0780000,0x00000000e0780000,0x00000000e2180000)
 ParOldGen       total 67584K, used 39018K [0x0000000081c00000, 0x0000000085e00000, 0x00000000d5f00000)
  object space 67584K, 57% used [0x0000000081c00000,0x000000008421aa88,0x0000000085e00000)
 Metaspace       used 34592K, capacity 35328K, committed 35496K, reserved 1081344K
  class space    used 4133K, capacity 4340K, committed 4352K, reserved 1048576K
}

